# JRE version: OpenJDK Runtime Environment (11.0.11+9) (build 11.0.11+9-b60-7590822)
# Java VM: OpenJDK 64-Bit Server VM (11.0.11+9-b60-7590822, mixed mode, tiered, compressed oops, g1 gc, windows-amd64)
Heap:
 garbage-first heap   total 155648K, used 121974K [0x0000000080000000, 0x0000000100000000)
  region size 1024K, 8 young (8192K), 1 survivors (1024K)
 Metaspace       used 96177K, capacity 98736K, committed 99016K, reserved 1134592K
  class space    used 12346K, capacity 13283K, committed 13336K, reserved 1048576K
GC Heap History (20 events):
Event: 29.132 GC heap before
{Heap before GC invocations=28 (full 0):
 garbage-first heap   total 155648K, used 132608K [0x0000000080000000, 0x0000000100000000)
  region size 1024K, 31 young (31744K), 2 survivors (2048K)
 Metaspace       used 86579K, capacity 88781K, committed 89032K, reserved 1126400K
  class space    used 11183K, capacity 11934K, committed 12056K, reserved 1048576K
}
Event: 29.145 GC heap after
{Heap after GC invocations=29 (full 0):
 garbage-first heap   total 155648K, used 105390K [0x0000000080000000, 0x0000000100000000)
  region size 1024K, 4 young (4096K), 4 survivors (4096K)
 Metaspace       used 86579K, capacity 88781K, committed 89032K, reserved 1126400K
  class space    used 11183K, capacity 11934K, committed 12056K, reserved 1048576K
}
Event: 30.051 GC heap before
{Heap before GC invocations=30 (full 0):
 garbage-first heap   total 155648K, used 132014K [0x0000000080000000, 0x0000000100000000)
  region size 1024K, 31 young (31744K), 4 survivors (4096K)
 Metaspace       used 87908K, capacity 90323K, committed 90568K, reserved 1128448K
  class space    used 11421K, capacity 12251K, committed 12312K, reserved 1048576K
}
Event: 30.060 GC heap after
{Heap after GC invocations=31 (full 0):
 garbage-first heap   total 155648K, used 108675K [0x0000000080000000, 0x0000000100000000)
  region size 1024K, 4 young (4096K), 4 survivors (4096K)
 Metaspace       used 87908K, capacity 90323K, committed 90568K, reserved 1128448K
  class space    used 11421K, capacity 12251K, committed 12312K, reserved 1048576K
}
Event: 30.406 GC heap before
{Heap before GC invocations=31 (full 0):
 garbage-first heap   total 155648K, used 131203K [0x0000000080000000, 0x0000000100000000)
  region size 1024K, 27 young (27648K), 4 survivors (4096K)
 Metaspace       used 88064K, capacity 90464K, committed 90568K, reserved 1128448K
  class space    used 11423K, capacity 12253K, committed 12312K, reserved 1048576K
}
Event: 30.412 GC heap after
{Heap after GC invocations=32 (full 0):
 garbage-first heap   total 155648K, used 110093K [0x0000000080000000, 0x0000000100000000)
  region size 1024K, 2 young (2048K), 2 survivors (2048K)
 Metaspace       used 88064K, capacity 90464K, committed 90568K, reserved 1128448K
  class space    used 11423K, capacity 12253K, committed 12312K, reserved 1048576K
}
Event: 31.066 GC heap before
{Heap before GC invocations=33 (full 0):
 garbage-first heap   total 155648K, used 131597K [0x0000000080000000, 0x0000000100000000)
  region size 1024K, 24 young (24576K), 2 survivors (2048K)
 Metaspace       used 88659K, capacity 91116K, committed 91464K, reserved 1128448K
  class space    used 11479K, capacity 12334K, committed 12440K, reserved 1048576K
}
Event: 31.071 GC heap after
{Heap after GC invocations=34 (full 0):
 garbage-first heap   total 155648K, used 111277K [0x0000000080000000, 0x0000000100000000)
  region size 1024K, 3 young (3072K), 3 survivors (3072K)
 Metaspace       used 88659K, capacity 91116K, committed 91464K, reserved 1128448K
  class space    used 11479K, capacity 12334K, committed 12440K, reserved 1048576K
}
Event: 32.193 GC heap before
{Heap before GC invocations=34 (full 0):
 garbage-first heap   total 155648K, used 132781K [0x0000000080000000, 0x0000000100000000)
  region size 1024K, 25 young (25600K), 3 survivors (3072K)
 Metaspace       used 89489K, capacity 91984K, committed 92232K, reserved 1128448K
  class space    used 11545K, capacity 12422K, committed 12440K, reserved 1048576K
}
Event: 32.205 GC heap after
{Heap after GC invocations=35 (full 0):
 garbage-first heap   total 155648K, used 113682K [0x0000000080000000, 0x0000000100000000)
  region size 1024K, 4 young (4096K), 4 survivors (4096K)
 Metaspace       used 89489K, capacity 91984K, committed 92232K, reserved 1128448K
  class space    used 11545K, capacity 12422K, committed 12440K, reserved 1048576K
}
Event: 33.075 GC heap before
{Heap before GC invocations=36 (full 0):
 garbage-first heap   total 155648K, used 133138K [0x0000000080000000, 0x0000000100000000)
  region size 1024K, 23 young (23552K), 4 survivors (4096K)
 Metaspace       used 92550K, capacity 95031K, committed 95304K, reserved 1132544K
  class space    used 11938K, capacity 12848K, committed 12952K, reserved 1048576K
}
Event: 33.087 GC heap after
{Heap after GC invocations=37 (full 0):
 garbage-first heap   total 155648K, used 114593K [0x0000000080000000, 0x0000000100000000)
  region size 1024K, 2 young (2048K), 2 survivors (2048K)
 Metaspace       used 92550K, capacity 95031K, committed 95304K, reserved 1132544K
  class space    used 11938K, capacity 12848K, committed 12952K, reserved 1048576K
}
Event: 33.179 GC heap before
{Heap before GC invocations=37 (full 0):
 garbage-first heap   total 155648K, used 119713K [0x0000000080000000, 0x0000000100000000)
  region size 1024K, 7 young (7168K), 2 survivors (2048K)
 Metaspace       used 92627K, capacity 95110K, committed 95304K, reserved 1132544K
  class space    used 11938K, capacity 12848K, committed 12952K, reserved 1048576K
}
Event: 33.184 GC heap after
{Heap after GC invocations=38 (full 0):
 garbage-first heap   total 155648K, used 114329K [0x0000000080000000, 0x0000000100000000)
  region size 1024K, 1 young (1024K), 1 survivors (1024K)
 Metaspace       used 92627K, capacity 95110K, committed 95304K, reserved 1132544K
  class space    used 11938K, capacity 12848K, committed 12952K, reserved 1048576K
}
Event: 34.170 GC heap before
{Heap before GC invocations=38 (full 0):
 garbage-first heap   total 155648K, used 132761K [0x0000000080000000, 0x0000000100000000)
  region size 1024K, 19 young (19456K), 1 survivors (1024K)
 Metaspace       used 94498K, capacity 96982K, committed 97224K, reserved 1134592K
  class space    used 12135K, capacity 13041K, committed 13080K, reserved 1048576K
}
Event: 34.177 GC heap after
{Heap after GC invocations=39 (full 0):
 garbage-first heap   total 155648K, used 114998K [0x0000000080000000, 0x0000000100000000)
  region size 1024K, 2 young (2048K), 2 survivors (2048K)
 Metaspace       used 94498K, capacity 96982K, committed 97224K, reserved 1134592K
  class space    used 12135K, capacity 13041K, committed 13080K, reserved 1048576K
}
Event: 34.948 GC heap before
{Heap before GC invocations=40 (full 0):
 garbage-first heap   total 155648K, used 133430K [0x0000000080000000, 0x0000000100000000)
  region size 1024K, 20 young (20480K), 2 survivors (2048K)
 Metaspace       used 95029K, capacity 97551K, committed 97864K, reserved 1134592K
  class space    used 12199K, capacity 13144K, committed 13208K, reserved 1048576K
}
Event: 34.955 GC heap after
{Heap after GC invocations=41 (full 0):
 garbage-first heap   total 155648K, used 116144K [0x0000000080000000, 0x0000000100000000)
  region size 1024K, 3 young (3072K), 3 survivors (3072K)
 Metaspace       used 95029K, capacity 97551K, committed 97864K, reserved 1134592K
  class space    used 12199K, capacity 13144K, committed 13208K, reserved 1048576K
}
Event: 35.096 GC heap before
{Heap before GC invocations=41 (full 0):
 garbage-first heap   total 155648K, used 120240K [0x0000000080000000, 0x0000000100000000)
  region size 1024K, 7 young (7168K), 3 survivors (3072K)
 Metaspace       used 95114K, capacity 97643K, committed 97864K, reserved 1134592K
  class space    used 12210K, capacity 13153K, committed 13208K, reserved 1048576K
}
Event: 35.105 GC heap after
{Heap after GC invocations=42 (full 0):
 garbage-first heap   total 155648K, used 115830K [0x0000000080000000, 0x0000000100000000)
  region size 1024K, 1 young (1024K), 1 survivors (1024K)
 Metaspace       used 95114K, capacity 97643K, committed 97864K, reserved 1134592K
  class space    used 12210K, capacity 13153K, committed 13208K, reserved 1048576K
}

