# JRE version: OpenJDK Runtime Environment (11.0.11+9) (build 11.0.11+9-b60-7590822)
# Java VM: OpenJDK 64-Bit Server VM (11.0.11+9-b60-7590822, mixed mode, tiered, compressed oops, g1 gc, windows-amd64)
Heap:
 garbage-first heap   total 416768K, used 210792K [0x0000000080000000, 0x0000000100000000)
  region size 1024K, 7 young (7168K), 7 survivors (7168K)
 Metaspace       used 165915K, capacity 172662K, committed 172752K, reserved 1198080K
  class space    used 21012K, capacity 23364K, committed 23372K, reserved 1048576K
GC Heap History (20 events):
Event: 1128.198 GC heap after
{Heap after GC invocations=207 (full 0):
 garbage-first heap   total 215040K, used 183106K [0x0000000080000000, 0x0000000100000000)
  region size 1024K, 2 young (2048K), 2 survivors (2048K)
 Metaspace       used 159146K, capacity 165896K, committed 166096K, reserved 1191936K
  class space    used 20464K, capacity 22795K, committed 22860K, reserved 1048576K
}
Event: 1128.299 GC heap before
{Heap before GC invocations=207 (full 0):
 garbage-first heap   total 215040K, used 191298K [0x0000000080000000, 0x0000000100000000)
  region size 1024K, 10 young (10240K), 2 survivors (2048K)
 Metaspace       used 159161K, capacity 165896K, committed 166096K, reserved 1191936K
  class space    used 20464K, capacity 22795K, committed 22860K, reserved 1048576K
}
Event: 1128.305 GC heap after
{Heap after GC invocations=208 (full 0):
 garbage-first heap   total 215040K, used 183008K [0x0000000080000000, 0x0000000100000000)
  region size 1024K, 2 young (2048K), 2 survivors (2048K)
 Metaspace       used 159161K, capacity 165896K, committed 166096K, reserved 1191936K
  class space    used 20464K, capacity 22795K, committed 22860K, reserved 1048576K
}
Event: 1128.398 GC heap before
{Heap before GC invocations=208 (full 0):
 garbage-first heap   total 215040K, used 191200K [0x0000000080000000, 0x0000000100000000)
  region size 1024K, 10 young (10240K), 2 survivors (2048K)
 Metaspace       used 159207K, capacity 165900K, committed 166096K, reserved 1191936K
  class space    used 20469K, capacity 22796K, committed 22860K, reserved 1048576K
}
Event: 1128.405 GC heap after
{Heap after GC invocations=209 (full 0):
 garbage-first heap   total 270336K, used 183956K [0x0000000080000000, 0x0000000100000000)
  region size 1024K, 1 young (1024K), 1 survivors (1024K)
 Metaspace       used 159207K, capacity 165900K, committed 166096K, reserved 1191936K
  class space    used 20469K, capacity 22796K, committed 22860K, reserved 1048576K
}
Event: 1128.658 GC heap before
{Heap before GC invocations=209 (full 0):
 garbage-first heap   total 270336K, used 210580K [0x0000000080000000, 0x0000000100000000)
  region size 1024K, 27 young (27648K), 1 survivors (1024K)
 Metaspace       used 159214K, capacity 165964K, committed 166096K, reserved 1191936K
  class space    used 20469K, capacity 22796K, committed 22860K, reserved 1048576K
}
Event: 1128.661 GC heap after
{Heap after GC invocations=210 (full 0):
 garbage-first heap   total 270336K, used 183920K [0x0000000080000000, 0x0000000100000000)
  region size 1024K, 1 young (1024K), 1 survivors (1024K)
 Metaspace       used 159214K, capacity 165964K, committed 166096K, reserved 1191936K
  class space    used 20469K, capacity 22796K, committed 22860K, reserved 1048576K
}
Event: 1128.837 GC heap before
{Heap before GC invocations=211 (full 0):
 garbage-first heap   total 270336K, used 213616K [0x0000000080000000, 0x0000000100000000)
  region size 1024K, 30 young (30720K), 1 survivors (1024K)
 Metaspace       used 159233K, capacity 166002K, committed 166096K, reserved 1191936K
  class space    used 20471K, capacity 22830K, committed 22860K, reserved 1048576K
}
Event: 1128.842 GC heap after
{Heap after GC invocations=212 (full 0):
 garbage-first heap   total 270336K, used 187187K [0x0000000080000000, 0x0000000100000000)
  region size 1024K, 4 young (4096K), 4 survivors (4096K)
 Metaspace       used 159233K, capacity 166002K, committed 166096K, reserved 1191936K
  class space    used 20471K, capacity 22830K, committed 22860K, reserved 1048576K
}
Event: 1128.853 GC heap before
{Heap before GC invocations=212 (full 0):
 garbage-first heap   total 270336K, used 188211K [0x0000000080000000, 0x0000000100000000)
  region size 1024K, 6 young (6144K), 4 survivors (4096K)
 Metaspace       used 159233K, capacity 166002K, committed 166096K, reserved 1191936K
  class space    used 20471K, capacity 22830K, committed 22860K, reserved 1048576K
}
Event: 1128.859 GC heap after
{Heap after GC invocations=213 (full 0):
 garbage-first heap   total 270336K, used 188265K [0x0000000080000000, 0x0000000100000000)
  region size 1024K, 2 young (2048K), 2 survivors (2048K)
 Metaspace       used 159233K, capacity 166002K, committed 166096K, reserved 1191936K
  class space    used 20471K, capacity 22830K, committed 22860K, reserved 1048576K
}
Event: 1129.118 GC heap before
{Heap before GC invocations=213 (full 0):
 garbage-first heap   total 270336K, used 225129K [0x0000000080000000, 0x0000000100000000)
  region size 1024K, 24 young (24576K), 2 survivors (2048K)
 Metaspace       used 159529K, capacity 166254K, committed 166352K, reserved 1193984K
  class space    used 20495K, capacity 22842K, committed 22860K, reserved 1048576K
}
Event: 1129.126 GC heap after
{Heap after GC invocations=214 (full 0):
 garbage-first heap   total 327680K, used 190224K [0x0000000080000000, 0x0000000100000000)
  region size 1024K, 3 young (3072K), 3 survivors (3072K)
 Metaspace       used 159529K, capacity 166254K, committed 166352K, reserved 1193984K
  class space    used 20495K, capacity 22842K, committed 22860K, reserved 1048576K
}
Event: 1129.949 GC heap before
{Heap before GC invocations=215 (full 0):
 garbage-first heap   total 327680K, used 233232K [0x0000000080000000, 0x0000000100000000)
  region size 1024K, 46 young (47104K), 3 survivors (3072K)
 Metaspace       used 164261K, capacity 171016K, committed 171216K, reserved 1198080K
  class space    used 20908K, capacity 23244K, committed 23372K, reserved 1048576K
}
Event: 1129.956 GC heap after
{Heap after GC invocations=216 (full 0):
 garbage-first heap   total 327680K, used 193648K [0x0000000080000000, 0x0000000100000000)
  region size 1024K, 6 young (6144K), 6 survivors (6144K)
 Metaspace       used 164261K, capacity 171016K, committed 171216K, reserved 1198080K
  class space    used 20908K, capacity 23244K, committed 23372K, reserved 1048576K
}
Event: 1130.128 GC heap before
{Heap before GC invocations=216 (full 0):
 garbage-first heap   total 327680K, used 239728K [0x0000000080000000, 0x0000000100000000)
  region size 1024K, 51 young (52224K), 6 survivors (6144K)
 Metaspace       used 165000K, capacity 171788K, committed 171984K, reserved 1198080K
  class space    used 20959K, capacity 23309K, committed 23372K, reserved 1048576K
}
Event: 1130.139 GC heap after
{Heap after GC invocations=217 (full 0):
 garbage-first heap   total 327680K, used 195351K [0x0000000080000000, 0x0000000100000000)
  region size 1024K, 7 young (7168K), 7 survivors (7168K)
 Metaspace       used 165000K, capacity 171788K, committed 171984K, reserved 1198080K
  class space    used 20959K, capacity 23309K, committed 23372K, reserved 1048576K
}
Event: 1130.413 GC heap before
{Heap before GC invocations=217 (full 0):
 garbage-first heap   total 327680K, used 244503K [0x0000000080000000, 0x0000000100000000)
  region size 1024K, 55 young (56320K), 7 survivors (7168K)
 Metaspace       used 165480K, capacity 172270K, committed 172496K, reserved 1198080K
  class space    used 20981K, capacity 23341K, committed 23372K, reserved 1048576K
}
Event: 1130.424 GC heap after
{Heap after GC invocations=218 (full 0):
 garbage-first heap   total 327680K, used 199772K [0x0000000080000000, 0x0000000100000000)
  region size 1024K, 7 young (7168K), 7 survivors (7168K)
 Metaspace       used 165480K, capacity 172270K, committed 172496K, reserved 1198080K
  class space    used 20981K, capacity 23341K, committed 23372K, reserved 1048576K
}
Event: 1130.632 GC heap before
{Heap before GC invocations=219 (full 0):
 garbage-first heap   total 327680K, used 247900K [0x0000000080000000, 0x0000000100000000)
  region size 1024K, 55 young (56320K), 7 survivors (7168K)
 Metaspace       used 165915K, capacity 172662K, committed 172752K, reserved 1198080K
  class space    used 21012K, capacity 23364K, committed 23372K, reserved 1048576K
}

