# JRE version: OpenJDK Runtime Environment (11.0.11+9) (build 11.0.11+9-b60-7590822)
# Java VM: OpenJDK 64-Bit Server VM (11.0.11+9-b60-7590822, mixed mode, tiered, compressed oops, g1 gc, windows-amd64)
Heap:
 garbage-first heap   total 129024K, used 86071K [0x0000000080000000, 0x0000000100000000)
  region size 1024K, 5 young (5120K), 4 survivors (4096K)
 Metaspace       used 73603K, capacity 75494K, committed 75804K, reserved 1114112K
  class space    used 9587K, capacity 10265K, committed 10348K, reserved 1048576K
GC Heap History (20 events):
Event: 15.206 GC heap before
{Heap before GC invocations=9 (full 0):
 garbage-first heap   total 129024K, used 100285K [0x0000000080000000, 0x0000000100000000)
  region size 1024K, 64 young (65536K), 8 survivors (8192K)
 Metaspace       used 45313K, capacity 46510K, committed 46620K, reserved 1089536K
  class space    used 5703K, capacity 6145K, committed 6252K, reserved 1048576K
}
Event: 15.219 GC heap after
{Heap after GC invocations=10 (full 0):
 garbage-first heap   total 129024K, used 47153K [0x0000000080000000, 0x0000000100000000)
  region size 1024K, 6 young (6144K), 6 survivors (6144K)
 Metaspace       used 45313K, capacity 46510K, committed 46620K, reserved 1089536K
  class space    used 5703K, capacity 6145K, committed 6252K, reserved 1048576K
}
Event: 16.770 GC heap before
{Heap before GC invocations=10 (full 0):
 garbage-first heap   total 129024K, used 103473K [0x0000000080000000, 0x0000000100000000)
  region size 1024K, 57 young (58368K), 6 survivors (6144K)
 Metaspace       used 48142K, capacity 49422K, committed 49692K, reserved 1091584K
  class space    used 6175K, capacity 6647K, committed 6764K, reserved 1048576K
}
Event: 16.812 GC heap after
{Heap after GC invocations=11 (full 0):
 garbage-first heap   total 129024K, used 55384K [0x0000000080000000, 0x0000000100000000)
  region size 1024K, 5 young (5120K), 5 survivors (5120K)
 Metaspace       used 48142K, capacity 49422K, committed 49692K, reserved 1091584K
  class space    used 6175K, capacity 6647K, committed 6764K, reserved 1048576K
}
Event: 18.419 GC heap before
{Heap before GC invocations=11 (full 0):
 garbage-first heap   total 129024K, used 100440K [0x0000000080000000, 0x0000000100000000)
  region size 1024K, 50 young (51200K), 5 survivors (5120K)
 Metaspace       used 50381K, capacity 51839K, committed 51996K, reserved 1093632K
  class space    used 6446K, capacity 6955K, committed 7020K, reserved 1048576K
}
Event: 18.427 GC heap after
{Heap after GC invocations=12 (full 0):
 garbage-first heap   total 129024K, used 57937K [0x0000000080000000, 0x0000000100000000)
  region size 1024K, 7 young (7168K), 7 survivors (7168K)
 Metaspace       used 50381K, capacity 51839K, committed 51996K, reserved 1093632K
  class space    used 6446K, capacity 6955K, committed 7020K, reserved 1048576K
}
Event: 20.328 GC heap before
{Heap before GC invocations=12 (full 0):
 garbage-first heap   total 129024K, used 107089K [0x0000000080000000, 0x0000000100000000)
  region size 1024K, 51 young (52224K), 7 survivors (7168K)
 Metaspace       used 54149K, capacity 55661K, committed 55836K, reserved 1097728K
  class space    used 6908K, capacity 7475K, committed 7532K, reserved 1048576K
}
Event: 20.338 GC heap after
{Heap after GC invocations=13 (full 0):
 garbage-first heap   total 129024K, used 69072K [0x0000000080000000, 0x0000000100000000)
  region size 1024K, 7 young (7168K), 7 survivors (7168K)
 Metaspace       used 54149K, capacity 55661K, committed 55836K, reserved 1097728K
  class space    used 6908K, capacity 7475K, committed 7532K, reserved 1048576K
}
Event: 21.464 GC heap before
{Heap before GC invocations=13 (full 0):
 garbage-first heap   total 129024K, used 104912K [0x0000000080000000, 0x0000000100000000)
  region size 1024K, 42 young (43008K), 7 survivors (7168K)
 Metaspace       used 59075K, capacity 60687K, committed 60828K, reserved 1101824K
  class space    used 7540K, capacity 8105K, committed 8172K, reserved 1048576K
}
Event: 21.475 GC heap after
{Heap after GC invocations=14 (full 0):
 garbage-first heap   total 129024K, used 71158K [0x0000000080000000, 0x0000000100000000)
  region size 1024K, 2 young (2048K), 2 survivors (2048K)
 Metaspace       used 59075K, capacity 60687K, committed 60828K, reserved 1101824K
  class space    used 7540K, capacity 8105K, committed 8172K, reserved 1048576K
}
Event: 22.443 GC heap before
{Heap before GC invocations=15 (full 0):
 garbage-first heap   total 129024K, used 104950K [0x0000000080000000, 0x0000000100000000)
  region size 1024K, 36 young (36864K), 2 survivors (2048K)
 Metaspace       used 63402K, capacity 65076K, committed 65180K, reserved 1105920K
  class space    used 8069K, capacity 8672K, committed 8684K, reserved 1048576K
}
Event: 22.449 GC heap after
{Heap after GC invocations=16 (full 0):
 garbage-first heap   total 129024K, used 74468K [0x0000000080000000, 0x0000000100000000)
  region size 1024K, 5 young (5120K), 5 survivors (5120K)
 Metaspace       used 63402K, capacity 65076K, committed 65180K, reserved 1105920K
  class space    used 8069K, capacity 8672K, committed 8684K, reserved 1048576K
}
Event: 23.341 GC heap before
{Heap before GC invocations=16 (full 0):
 garbage-first heap   total 129024K, used 99044K [0x0000000080000000, 0x0000000100000000)
  region size 1024K, 30 young (30720K), 5 survivors (5120K)
 Metaspace       used 65616K, capacity 67351K, committed 67612K, reserved 1107968K
  class space    used 8353K, capacity 8978K, committed 9068K, reserved 1048576K
}
Event: 23.350 GC heap after
{Heap after GC invocations=17 (full 0):
 garbage-first heap   total 129024K, used 76467K [0x0000000080000000, 0x0000000100000000)
  region size 1024K, 3 young (3072K), 3 survivors (3072K)
 Metaspace       used 65616K, capacity 67351K, committed 67612K, reserved 1107968K
  class space    used 8353K, capacity 8978K, committed 9068K, reserved 1048576K
}
Event: 24.922 GC heap before
{Heap before GC invocations=18 (full 0):
 garbage-first heap   total 129024K, used 106163K [0x0000000080000000, 0x0000000100000000)
  region size 1024K, 31 young (31744K), 3 survivors (3072K)
 Metaspace       used 66486K, capacity 68278K, committed 68508K, reserved 1107968K
  class space    used 8480K, capacity 9111K, committed 9196K, reserved 1048576K
}
Event: 24.931 GC heap after
{Heap after GC invocations=19 (full 0):
 garbage-first heap   total 129024K, used 78121K [0x0000000080000000, 0x0000000100000000)
  region size 1024K, 4 young (4096K), 4 survivors (4096K)
 Metaspace       used 66486K, capacity 68278K, committed 68508K, reserved 1107968K
  class space    used 8480K, capacity 9111K, committed 9196K, reserved 1048576K
}
Event: 25.933 GC heap before
{Heap before GC invocations=19 (full 0):
 garbage-first heap   total 129024K, used 106793K [0x0000000080000000, 0x0000000100000000)
  region size 1024K, 32 young (32768K), 4 survivors (4096K)
 Metaspace       used 68446K, capacity 70208K, committed 70300K, reserved 1110016K
  class space    used 8751K, capacity 9369K, committed 9452K, reserved 1048576K
}
Event: 25.981 GC heap after
{Heap after GC invocations=20 (full 0):
 garbage-first heap   total 129024K, used 80144K [0x0000000080000000, 0x0000000100000000)
  region size 1024K, 3 young (3072K), 3 survivors (3072K)
 Metaspace       used 68446K, capacity 70208K, committed 70300K, reserved 1110016K
  class space    used 8751K, capacity 9369K, committed 9452K, reserved 1048576K
}
Event: 27.119 GC heap before
{Heap before GC invocations=21 (full 0):
 garbage-first heap   total 129024K, used 106768K [0x0000000080000000, 0x0000000100000000)
  region size 1024K, 29 young (29696K), 3 survivors (3072K)
 Metaspace       used 71764K, capacity 73507K, committed 73756K, reserved 1114112K
  class space    used 9322K, capacity 9977K, committed 10092K, reserved 1048576K
}
Event: 27.126 GC heap after
{Heap after GC invocations=22 (full 0):
 garbage-first heap   total 129024K, used 81584K [0x0000000080000000, 0x0000000100000000)
  region size 1024K, 4 young (4096K), 4 survivors (4096K)
 Metaspace       used 71764K, capacity 73507K, committed 73756K, reserved 1114112K
  class space    used 9322K, capacity 9977K, committed 10092K, reserved 1048576K
}

